<?xml version="1.0" encoding="UTF-8" ?>
<testsuite failures="0" time="8.711" errors="0" skipped="0" tests="6" name="no.uio.intermedia.snomobile.XWikiRestFulServiceTest">
  <properties>
[...]
</properties>
  <testcase time="0.103" classname="no.uio.intermedia.snomobile.XWikiRestFulServiceTest" name="propertyFileNullExceptionTest"/>
  <testcase time="4.769" classname="no.uio.intermedia.snomobile.XWikiRestFulServiceTest" name="test_returnPage"/>
  <testcase time="0.672" classname="no.uio.intermedia.snomobile.XWikiRestFulServiceTest" name="test_returnSpaces"/>
  <testcase time="0.505" classname="no.uio.intermedia.snomobile.XWikiRestFulServiceTest" name="test_returnCommentsForPage"/>
  <testcase time="2.055" classname="no.uio.intermedia.snomobile.XWikiRestFulServiceTest" name="test_returnAttachmentsForPage"/>
  <testcase time="0.558" classname="no.uio.intermedia.snomobile.XWikiRestFulServiceTest" name="test_returnTagsForPage"/>
</testsuite>